
> web@0.1.0 build
> next build

⚠ No build cache found. Please configure build caching for faster rebuilds. Read more: https://nextjs.org/docs/messages/no-cache
Attention: Next.js now collects completely anonymous telemetry regarding usage.
This information is used to shape Next.js' roadmap and prioritize features.
You can learn more, including how to opt-out if you'd not like to participate in this anonymous program, by visiting the following URL:
https://nextjs.org/telemetry

   ▲ Next.js 15.5.4

   Creating an optimized production build ...
 ✓ Compiled successfully in 6.5s
   Linting and checking validity of types ...

./src/app/campaign/[id]/campaign-client.tsx
23:10  Warning: 'user' is assigned a value but never used.  @typescript-eslint/no-unused-vars
39:6  Warning: React Hook useEffect has missing dependencies: 'loadCampaign' and 'loadEntities'. Either include them or remove the dependency array.  react-hooks/exhaustive-deps

./src/app/page.tsx
62:6  Warning: React Hook useEffect has a missing dependency: 'loadCampaigns'. Either include it or remove the dependency array.  react-hooks/exhaustive-deps

info  - Need to disable some ESLint rules? Learn more here: https://nextjs.org/docs/app/api-reference/config/eslint#disabling-rules
   Collecting page data ...
   Generating static pages (0/6) ...
Supabase environment variables not found
Supabase environment variables not found
   Generating static pages (1/6) 
   Generating static pages (2/6) 
   Generating static pages (4/6) 
 ✓ Generating static pages (6/6)
   Finalizing page optimization ...
   Collecting build traces ...
   Exporting (0/2) ...
 ✓ Exporting (2/2)

Route (app)                                 Size  First Load JS
┌ ○ /                                    5.07 kB         151 kB
├ ○ /_not-found                            992 B         103 kB
└ ● /campaign/[id]                       1.68 kB         148 kB
    └ /campaign/example
+ First Load JS shared by all             102 kB
  ├ chunks/255-a7ba4d37dca2f1fa.js       45.9 kB
  ├ chunks/4bd1b696-c023c6e3521b1417.js  54.2 kB
  └ other shared chunks (total)          1.93 kB


○  (Static)  prerendered as static content
●  (SSG)     prerendered as static HTML (uses generateStaticParams)

