
> web@0.1.0 build
> next build

⚠ No build cache found. Please configure build caching for faster rebuilds. Read more: https://nextjs.org/docs/messages/no-cache
Attention: Next.js now collects completely anonymous telemetry regarding usage.
This information is used to shape Next.js' roadmap and prioritize features.
You can learn more, including how to opt-out if you'd not like to participate in this anonymous program, by visiting the following URL:
https://nextjs.org/telemetry

   ▲ Next.js 15.5.4

   Creating an optimized production build ...
 ✓ Compiled successfully in 6.8s
   Linting and checking validity of types ...
   Collecting page data ...
   Generating static pages (0/6) ...
Supabase environment variables not found
Supabase environment variables not found
   Generating static pages (1/6) 
   Generating static pages (2/6) 
   Generating static pages (4/6) 
 ✓ Generating static pages (6/6)
   Finalizing page optimization ...
   Collecting build traces ...
   Exporting (0/2) ...
 ✓ Exporting (2/2)

Route (app)                                 Size  First Load JS
┌ ○ /                                    2.44 kB         151 kB
├ ○ /_not-found                            992 B         103 kB
└ ● /campaign/[id]                       2.84 kB         152 kB
    └ /campaign/placeholder
+ First Load JS shared by all             102 kB
  ├ chunks/255-a7ba4d37dca2f1fa.js       45.9 kB
  ├ chunks/4bd1b696-c023c6e3521b1417.js  54.2 kB
  └ other shared chunks (total)          1.93 kB


○  (Static)  prerendered as static content
●  (SSG)     prerendered as static HTML (uses generateStaticParams)

